0 info it worked if it ends with ok
1 verbose cli [ 'c:\\Program Files\\nodejs\\node.exe',
1 verbose cli   'C:\\Users\\Cristian\\AppData\\Roaming\\npm\\node_modules\\npm\\bin\\npm-cli.js',
1 verbose cli   'run',
1 verbose cli   'build' ]
2 info using npm@3.9.5
3 info using node@v6.11.0
4 verbose run-script [ 'prebuild', 'build', 'postbuild' ]
5 info lifecycle portfolioni@~prebuild: portfolioni@
6 verbose lifecycle portfolioni@~prebuild: unsafe-perm in lifecycle true
7 verbose lifecycle portfolioni@~prebuild: PATH: C:\Users\Cristian\AppData\Roaming\npm\node_modules\npm\bin\node-gyp-bin;c:\ws\PortfolioNi\node_modules\.bin;c:\Program Files\nodejs;C:\Program Files\cmder\bin;C:\Program Files\Git\bin;C:\Program Files\Git\usr\bin;C:\Program Files\Git\share\vim\vim74;C:\Program Files\cmder\vendor\conemu-maximus5\ConEmu\Scripts;C:\Program Files\cmder\vendor\conemu-maximus5;C:\Program Files\cmder\vendor\conemu-maximus5\ConEmu;c:\programdata\oracle\java\javapath;c:\program files (x86)\common files\microsoft shared\windows live;c:\program files (x86)\intel\icls client\;c:\program files\intel\icls client\;c:\windows\system32;c:\windows;c:\windows\system32\wbem;c:\program files\intel\intel(r) management engine components\dal;c:\program files (x86)\intel\intel(r) management engine components\dal;c:\program files\intel\intel(r) management engine components\ipt;c:\program files (x86)\intel\intel(r) management engine components\ipt;c:\program files\microsoft sql server\110\tools\binn\;c:\program files\microsoft sql server\120\tools\binn\;c:\go\bin;c:\windows\system32\windowspowershell\v1.0\;c:\program files (x86)\gtksharp\2.12\bin;c:\program files\nodejs\;c:\program files\git\cmd;C:\Program Files (x86)\NVIDIA Corporation\PhysX\Common;C:\Windows\System32\WindowsPowerShell\v1.0\;C:\Program Files (x86)\Skype\Phone\;C:\Users\Cristian\AppData\Local\Programs\Python\Python36-32\Scripts\;C:\Users\Cristian\AppData\Local\Programs\Python\Python36-32\;C:\Program Files (x86)\Git\bin;C:\Ruby22-x64\bin;C:\Program Files\Common Files\Microsoft Shared\Windows Live;C:\Program Files (x86)\Android\android-sdk\platform-tools;C:\Users\Cristian\AppData\Local\.meteor\;C:\Users\Cristian\AppData\Roaming\npm;C:\Program Files (x86)\Microsoft VS Code\bin;C:\Program Files (x86)\Microsoft VS Code Insiders\bin;C:\Program Files (x86)\Atmel\Flip 3.4.7\bin;C:\Program Files\cmder
8 verbose lifecycle portfolioni@~prebuild: CWD: c:\ws\PortfolioNi
9 silly lifecycle portfolioni@~prebuild: Args: [ '/d /s /c', 'bower install' ]
10 silly lifecycle portfolioni@~prebuild: Returned: code: 0  signal: null
11 info lifecycle portfolioni@~build: portfolioni@
12 verbose lifecycle portfolioni@~build: unsafe-perm in lifecycle true
13 verbose lifecycle portfolioni@~build: PATH: C:\Users\Cristian\AppData\Roaming\npm\node_modules\npm\bin\node-gyp-bin;c:\ws\PortfolioNi\node_modules\.bin;c:\Program Files\nodejs;C:\Program Files\cmder\bin;C:\Program Files\Git\bin;C:\Program Files\Git\usr\bin;C:\Program Files\Git\share\vim\vim74;C:\Program Files\cmder\vendor\conemu-maximus5\ConEmu\Scripts;C:\Program Files\cmder\vendor\conemu-maximus5;C:\Program Files\cmder\vendor\conemu-maximus5\ConEmu;c:\programdata\oracle\java\javapath;c:\program files (x86)\common files\microsoft shared\windows live;c:\program files (x86)\intel\icls client\;c:\program files\intel\icls client\;c:\windows\system32;c:\windows;c:\windows\system32\wbem;c:\program files\intel\intel(r) management engine components\dal;c:\program files (x86)\intel\intel(r) management engine components\dal;c:\program files\intel\intel(r) management engine components\ipt;c:\program files (x86)\intel\intel(r) management engine components\ipt;c:\program files\microsoft sql server\110\tools\binn\;c:\program files\microsoft sql server\120\tools\binn\;c:\go\bin;c:\windows\system32\windowspowershell\v1.0\;c:\program files (x86)\gtksharp\2.12\bin;c:\program files\nodejs\;c:\program files\git\cmd;C:\Program Files (x86)\NVIDIA Corporation\PhysX\Common;C:\Windows\System32\WindowsPowerShell\v1.0\;C:\Program Files (x86)\Skype\Phone\;C:\Users\Cristian\AppData\Local\Programs\Python\Python36-32\Scripts\;C:\Users\Cristian\AppData\Local\Programs\Python\Python36-32\;C:\Program Files (x86)\Git\bin;C:\Ruby22-x64\bin;C:\Program Files\Common Files\Microsoft Shared\Windows Live;C:\Program Files (x86)\Android\android-sdk\platform-tools;C:\Users\Cristian\AppData\Local\.meteor\;C:\Users\Cristian\AppData\Roaming\npm;C:\Program Files (x86)\Microsoft VS Code\bin;C:\Program Files (x86)\Microsoft VS Code Insiders\bin;C:\Program Files (x86)\Atmel\Flip 3.4.7\bin;C:\Program Files\cmder
14 verbose lifecycle portfolioni@~build: CWD: c:\ws\PortfolioNi
15 silly lifecycle portfolioni@~build: Args: [ '/d /s /c', 'gulp build' ]
16 silly lifecycle portfolioni@~build: Returned: code: 1  signal: null
17 info lifecycle portfolioni@~build: Failed to exec build script
18 verbose stack Error: portfolioni@ build: `gulp build`
18 verbose stack Exit status 1
18 verbose stack     at EventEmitter.<anonymous> (C:\Users\Cristian\AppData\Roaming\npm\node_modules\npm\lib\utils\lifecycle.js:245:16)
18 verbose stack     at emitTwo (events.js:106:13)
18 verbose stack     at EventEmitter.emit (events.js:191:7)
18 verbose stack     at ChildProcess.<anonymous> (C:\Users\Cristian\AppData\Roaming\npm\node_modules\npm\lib\utils\spawn.js:24:14)
18 verbose stack     at emitTwo (events.js:106:13)
18 verbose stack     at ChildProcess.emit (events.js:191:7)
18 verbose stack     at maybeClose (internal/child_process.js:891:16)
18 verbose stack     at Process.ChildProcess._handle.onexit (internal/child_process.js:226:5)
19 verbose pkgid portfolioni@
20 verbose cwd c:\ws\PortfolioNi
21 error Windows_NT 6.1.7601
22 error argv "c:\\Program Files\\nodejs\\node.exe" "C:\\Users\\Cristian\\AppData\\Roaming\\npm\\node_modules\\npm\\bin\\npm-cli.js" "run" "build"
23 error node v6.11.0
24 error npm  v3.9.5
25 error code ELIFECYCLE
26 error portfolioni@ build: `gulp build`
26 error Exit status 1
27 error Failed at the portfolioni@ build script 'gulp build'.
27 error Make sure you have the latest version of node.js and npm installed.
27 error If you do, this is most likely a problem with the portfolioni package,
27 error not with npm itself.
27 error Tell the author that this fails on your system:
27 error     gulp build
27 error You can get information on how to open an issue for this project with:
27 error     npm bugs portfolioni
27 error Or if that isn't available, you can get their info via:
27 error     npm owner ls portfolioni
27 error There is likely additional logging output above.
28 verbose exit [ 1, true ]
